commit 15e8257f0646526addbbc5aef085e85949935e43
Author: Santillan-C <santillango10405@gmail.com>
Date:   Mon Apr 1 20:52:27 2024 -0700

    ADDING A PARRAFI ON HTML

commit 65523292ec7d96b5600b5894e5ab741ffaf166bf
Merge: a916425 452c3d5
Author: Santillan-C <santillango10405@gmail.com>
Date:   Mon Apr 1 20:48:13 2024 -0700

    FIXING THE CNFLICT FOR A COMMIT

commit a91642582f22bc2bdd0cd6899a6d256fe79893cb
Author: Santillan-C <santillango10405@gmail.com>
Date:   Mon Apr 1 16:31:32 2024 -0700

    ADDING THE SIX ONE

commit 452c3d58bd05c99217a5f3ecccc44f779f43b2e7
Author: Santillan-C <santillango10405@gmail.com>
Date:   Mon Apr 1 16:31:32 2024 -0700

    Adding statages

commit 86335efa142c0c2d1dca4befaf079547a2e0b98d
Merge: 50ee896 c3e0550
Author: Santillan-C <santillango10405@gmail.com>
Date:   Mon Apr 1 16:23:04 2024 -0700

    new changes

commit c3e05502d46aa44cdf368a296b31dcf804ee8b87
Author: Santillan-C <santillango10405@gmail.com>
Date:   Mon Apr 1 16:11:07 2024 -0700

    adding some changes to html

commit 50ee8960d6ef8fa8da31fae10fff409230a8d681
Author: Santillan-C <santillango10405@gmail.com>
Date:   Mon Apr 1 16:06:10 2024 -0700

    adding some changes

commit d72cf77610d4ce2a69803fc00676458f1f86de22
Author: Santillan-C <santillango10405@gmail.com>
Date:   Mon Apr 1 16:01:24 2024 -0700

    ADDING TEXT ON INDEX-HTML

commit 010188069d1c7efcd01da8a8f6340e4f4fb250d3
Merge: 8806ac2 7d39298
Author: Santillan-C <santillango10405@gmail.com>
Date:   Mon Apr 1 15:34:29 2024 -0700

    Merge branch 'JS'

commit 7d3929876cea1096c378e304f9f826d12c4413a7
Author: Santillan-C <santillango10405@gmail.com>
Date:   Mon Apr 1 15:20:53 2024 -0700

    ADDING A FILE JS

commit 8806ac217d181af9d115a19b3ccdd96c3a173062
Author: Santillan-C <santillango10405@gmail.com>
Date:   Mon Apr 1 15:11:24 2024 -0700

    ADDING CSS STYLES

commit acd61b6e29badd8555ac018609a0b6826b9f3ea1
Author: Santillan-C <santillango10405@gmail.com>
Date:   Mon Apr 1 15:01:57 2024 -0700

    creating html doc

commit 40f731668d3b188dae528ef995b527efae2196bf
Author: Santillan-C <santillango10405@gmail.com>
Date:   Mon Apr 1 14:20:11 2024 -0700

    Addding gitIgnore

commit fadee2642bdcf8cb53fc466243574c00a4d91e90
Author: Santillan-C <santillango10405@gmail.com>
Date:   Mon Apr 1 13:23:17 2024 -0700

    new steps

commit afd8b7ac79f41720cf51516920247e6923439db8
Author: Santillan-C <santillango10405@gmail.com>
Date:   Mon Apr 1 13:01:54 2024 -0700

    Agrege los pasos fundamentales en README

commit ae8f280aa48f955b6e6b1778b38d46732b02044c
Author: Santillan-C <santillango10405@gmail.com>
Date:   Sun Mar 31 21:30:49 2024 -0700

    The third commit on git

commit 25a501d1d7ed156439e3cc71dea71c312af60618
Author: Santillan-C <santillango10405@gmail.com>
Date:   Sun Mar 31 21:11:11 2024 -0700

    THE SECOND COMMIT

commit 513f65c5ca4eaf9b4f0d9a6f497f09399ffef3aa
Author: Santillan-C <santillango10405@gmail.com>
Date:   Sun Mar 31 21:08:01 2024 -0700

    my first commit
